CRITICAL - 2022-07-08 11:16:43 --> Undefined variable $dtcountry
#0 C:\xampp\htdocs\uas-semester2\app\Views\beranda.php(102): CodeIgniter\Debug\Exceptions->errorHandler(2, 'Undefined varia...', 'C:\\xampp\\htdocs...', 102)
#1 C:\xampp\htdocs\uas-semester2\app\Views\home.php(70): include('C:\\xampp\\htdocs...')
#2 C:\xampp\htdocs\uas-semester2\system\View\View.php(210): include('C:\\xampp\\htdocs...')
#3 C:\xampp\htdocs\uas-semester2\system\View\View.php(213): CodeIgniter\View\View->CodeIgniter\View\{closure}()
#4 C:\xampp\htdocs\uas-semester2\system\Common.php(1089): CodeIgniter\View\View->render('home', Array, true)
#5 C:\xampp\htdocs\uas-semester2\app\Controllers\Basis.php(11): view('home', Array)
#6 C:\xampp\htdocs\uas-semester2\system\CodeIgniter.php(832): App\Controllers\Basis->index()
#7 C:\xampp\htdocs\uas-semester2\system\CodeIgniter.php(419): CodeIgniter\CodeIgniter->runController(Object(App\Controllers\Basis))
#8 C:\xampp\htdocs\uas-semester2\system\CodeIgniter.php(326): CodeIgniter\CodeIgniter->handleRequest(NULL, Object(Config\Cache), false)
#9 C:\xampp\htdocs\uas-semester2\index.php(37): CodeIgniter\CodeIgniter->run()
#10 {main}
CRITICAL - 2022-07-08 18:13:49 --> Unclosed '{' on line 101
#0 C:\xampp\htdocs\uas-semester2\system\View\View.php(210): include()
#1 C:\xampp\htdocs\uas-semester2\system\View\View.php(213): CodeIgniter\View\View->CodeIgniter\View\{closure}()
#2 C:\xampp\htdocs\uas-semester2\system\Common.php(1089): CodeIgniter\View\View->render('home', Array, true)
#3 C:\xampp\htdocs\uas-semester2\app\Controllers\Basis.php(12): view('home', Array)
#4 C:\xampp\htdocs\uas-semester2\system\CodeIgniter.php(832): App\Controllers\Basis->index()
#5 C:\xampp\htdocs\uas-semester2\system\CodeIgniter.php(419): CodeIgniter\CodeIgniter->runController(Object(App\Controllers\Basis))
#6 C:\xampp\htdocs\uas-semester2\system\CodeIgniter.php(326): CodeIgniter\CodeIgniter->handleRequest(NULL, Object(Config\Cache), false)
#7 C:\xampp\htdocs\uas-semester2\index.php(37): CodeIgniter\CodeIgniter->run()
#8 {main}
CRITICAL - 2022-07-08 18:15:20 --> Unclosed '{' on line 100
#0 C:\xampp\htdocs\uas-semester2\system\View\View.php(210): include()
#1 C:\xampp\htdocs\uas-semester2\system\View\View.php(213): CodeIgniter\View\View->CodeIgniter\View\{closure}()
#2 C:\xampp\htdocs\uas-semester2\system\Common.php(1089): CodeIgniter\View\View->render('home', Array, true)
#3 C:\xampp\htdocs\uas-semester2\app\Controllers\Basis.php(12): view('home', Array)
#4 C:\xampp\htdocs\uas-semester2\system\CodeIgniter.php(832): App\Controllers\Basis->index()
#5 C:\xampp\htdocs\uas-semester2\system\CodeIgniter.php(419): CodeIgniter\CodeIgniter->runController(Object(App\Controllers\Basis))
#6 C:\xampp\htdocs\uas-semester2\system\CodeIgniter.php(326): CodeIgniter\CodeIgniter->handleRequest(NULL, Object(Config\Cache), false)
#7 C:\xampp\htdocs\uas-semester2\index.php(37): CodeIgniter\CodeIgniter->run()
#8 {main}
CRITICAL - 2022-07-08 18:16:12 --> Call to undefined function result_array()
#0 C:\xampp\htdocs\uas-semester2\app\Views\home.php(70): include()
#1 C:\xampp\htdocs\uas-semester2\system\View\View.php(210): include('C:\\xampp\\htdocs...')
#2 C:\xampp\htdocs\uas-semester2\system\View\View.php(213): CodeIgniter\View\View->CodeIgniter\View\{closure}()
#3 C:\xampp\htdocs\uas-semester2\system\Common.php(1089): CodeIgniter\View\View->render('home', Array, true)
#4 C:\xampp\htdocs\uas-semester2\app\Controllers\Basis.php(12): view('home', Array)
#5 C:\xampp\htdocs\uas-semester2\system\CodeIgniter.php(832): App\Controllers\Basis->index()
#6 C:\xampp\htdocs\uas-semester2\system\CodeIgniter.php(419): CodeIgniter\CodeIgniter->runController(Object(App\Controllers\Basis))
#7 C:\xampp\htdocs\uas-semester2\system\CodeIgniter.php(326): CodeIgniter\CodeIgniter->handleRequest(NULL, Object(Config\Cache), false)
#8 C:\xampp\htdocs\uas-semester2\index.php(37): CodeIgniter\CodeIgniter->run()
#9 {main}
CRITICAL - 2022-07-08 18:38:11 --> Undefined variable $key
#0 C:\xampp\htdocs\uas-semester2\app\Views\beranda.php(97): CodeIgniter\Debug\Exceptions->errorHandler(2, 'Undefined varia...', 'C:\\xampp\\htdocs...', 97)
#1 C:\xampp\htdocs\uas-semester2\app\Views\home.php(70): include('C:\\xampp\\htdocs...')
#2 C:\xampp\htdocs\uas-semester2\system\View\View.php(210): include('C:\\xampp\\htdocs...')
#3 C:\xampp\htdocs\uas-semester2\system\View\View.php(213): CodeIgniter\View\View->CodeIgniter\View\{closure}()
#4 C:\xampp\htdocs\uas-semester2\system\Common.php(1089): CodeIgniter\View\View->render('home', Array, true)
#5 C:\xampp\htdocs\uas-semester2\app\Controllers\Basis.php(12): view('home', Array)
#6 C:\xampp\htdocs\uas-semester2\system\CodeIgniter.php(832): App\Controllers\Basis->index()
#7 C:\xampp\htdocs\uas-semester2\system\CodeIgniter.php(419): CodeIgniter\CodeIgniter->runController(Object(App\Controllers\Basis))
#8 C:\xampp\htdocs\uas-semester2\system\CodeIgniter.php(326): CodeIgniter\CodeIgniter->handleRequest(NULL, Object(Config\Cache), false)
#9 C:\xampp\htdocs\uas-semester2\index.php(37): CodeIgniter\CodeIgniter->run()
#10 {main}
CRITICAL - 2022-07-08 18:40:28 --> Undefined variable $key
#0 C:\xampp\htdocs\uas-semester2\app\Views\beranda.php(97): CodeIgniter\Debug\Exceptions->errorHandler(2, 'Undefined varia...', 'C:\\xampp\\htdocs...', 97)
#1 C:\xampp\htdocs\uas-semester2\app\Views\home.php(70): include('C:\\xampp\\htdocs...')
#2 C:\xampp\htdocs\uas-semester2\system\View\View.php(210): include('C:\\xampp\\htdocs...')
#3 C:\xampp\htdocs\uas-semester2\system\View\View.php(213): CodeIgniter\View\View->CodeIgniter\View\{closure}()
#4 C:\xampp\htdocs\uas-semester2\system\Common.php(1089): CodeIgniter\View\View->render('home', Array, true)
#5 C:\xampp\htdocs\uas-semester2\app\Controllers\Basis.php(12): view('home', Array)
#6 C:\xampp\htdocs\uas-semester2\system\CodeIgniter.php(832): App\Controllers\Basis->index()
#7 C:\xampp\htdocs\uas-semester2\system\CodeIgniter.php(419): CodeIgniter\CodeIgniter->runController(Object(App\Controllers\Basis))
#8 C:\xampp\htdocs\uas-semester2\system\CodeIgniter.php(326): CodeIgniter\CodeIgniter->handleRequest(NULL, Object(Config\Cache), false)
#9 C:\xampp\htdocs\uas-semester2\index.php(37): CodeIgniter\CodeIgniter->run()
#10 {main}
CRITICAL - 2022-07-08 18:40:32 --> Undefined variable $key
#0 C:\xampp\htdocs\uas-semester2\app\Views\beranda.php(97): CodeIgniter\Debug\Exceptions->errorHandler(2, 'Undefined varia...', 'C:\\xampp\\htdocs...', 97)
#1 C:\xampp\htdocs\uas-semester2\app\Views\home.php(70): include('C:\\xampp\\htdocs...')
#2 C:\xampp\htdocs\uas-semester2\system\View\View.php(210): include('C:\\xampp\\htdocs...')
#3 C:\xampp\htdocs\uas-semester2\system\View\View.php(213): CodeIgniter\View\View->CodeIgniter\View\{closure}()
#4 C:\xampp\htdocs\uas-semester2\system\Common.php(1089): CodeIgniter\View\View->render('home', Array, true)
#5 C:\xampp\htdocs\uas-semester2\app\Controllers\Basis.php(12): view('home', Array)
#6 C:\xampp\htdocs\uas-semester2\system\CodeIgniter.php(832): App\Controllers\Basis->index()
#7 C:\xampp\htdocs\uas-semester2\system\CodeIgniter.php(419): CodeIgniter\CodeIgniter->runController(Object(App\Controllers\Basis))
#8 C:\xampp\htdocs\uas-semester2\system\CodeIgniter.php(326): CodeIgniter\CodeIgniter->handleRequest(NULL, Object(Config\Cache), false)
#9 C:\xampp\htdocs\uas-semester2\index.php(37): CodeIgniter\CodeIgniter->run()
#10 {main}
CRITICAL - 2022-07-08 18:48:48 --> Undefined variable $nama
#0 C:\xampp\htdocs\uas-semester2\app\Views\beranda.php(97): CodeIgniter\Debug\Exceptions->errorHandler(2, 'Undefined varia...', 'C:\\xampp\\htdocs...', 97)
#1 C:\xampp\htdocs\uas-semester2\app\Views\home.php(70): include('C:\\xampp\\htdocs...')
#2 C:\xampp\htdocs\uas-semester2\system\View\View.php(210): include('C:\\xampp\\htdocs...')
#3 C:\xampp\htdocs\uas-semester2\system\View\View.php(213): CodeIgniter\View\View->CodeIgniter\View\{closure}()
#4 C:\xampp\htdocs\uas-semester2\system\Common.php(1089): CodeIgniter\View\View->render('home', Array, true)
#5 C:\xampp\htdocs\uas-semester2\app\Controllers\Basis.php(12): view('home', Array)
#6 C:\xampp\htdocs\uas-semester2\system\CodeIgniter.php(832): App\Controllers\Basis->index()
#7 C:\xampp\htdocs\uas-semester2\system\CodeIgniter.php(419): CodeIgniter\CodeIgniter->runController(Object(App\Controllers\Basis))
#8 C:\xampp\htdocs\uas-semester2\system\CodeIgniter.php(326): CodeIgniter\CodeIgniter->handleRequest(NULL, Object(Config\Cache), false)
#9 C:\xampp\htdocs\uas-semester2\index.php(37): CodeIgniter\CodeIgniter->run()
#10 {main}
CRITICAL - 2022-07-08 19:09:56 --> Undefined variable $k
#0 C:\xampp\htdocs\uas-semester2\app\Views\beranda.php(97): CodeIgniter\Debug\Exceptions->errorHandler(2, 'Undefined varia...', 'C:\\xampp\\htdocs...', 97)
#1 C:\xampp\htdocs\uas-semester2\app\Views\home.php(70): include('C:\\xampp\\htdocs...')
#2 C:\xampp\htdocs\uas-semester2\system\View\View.php(210): include('C:\\xampp\\htdocs...')
#3 C:\xampp\htdocs\uas-semester2\system\View\View.php(213): CodeIgniter\View\View->CodeIgniter\View\{closure}()
#4 C:\xampp\htdocs\uas-semester2\system\Common.php(1089): CodeIgniter\View\View->render('home', Array, true)
#5 C:\xampp\htdocs\uas-semester2\app\Controllers\Basis.php(12): view('home', Array)
#6 C:\xampp\htdocs\uas-semester2\system\CodeIgniter.php(832): App\Controllers\Basis->index()
#7 C:\xampp\htdocs\uas-semester2\system\CodeIgniter.php(419): CodeIgniter\CodeIgniter->runController(Object(App\Controllers\Basis))
#8 C:\xampp\htdocs\uas-semester2\system\CodeIgniter.php(326): CodeIgniter\CodeIgniter->handleRequest(NULL, Object(Config\Cache), false)
#9 C:\xampp\htdocs\uas-semester2\index.php(37): CodeIgniter\CodeIgniter->run()
#10 {main}
CRITICAL - 2022-07-08 19:10:48 --> Undefined variable $k
#0 C:\xampp\htdocs\uas-semester2\app\Views\beranda.php(97): CodeIgniter\Debug\Exceptions->errorHandler(2, 'Undefined varia...', 'C:\\xampp\\htdocs...', 97)
#1 C:\xampp\htdocs\uas-semester2\app\Views\home.php(70): include('C:\\xampp\\htdocs...')
#2 C:\xampp\htdocs\uas-semester2\system\View\View.php(210): include('C:\\xampp\\htdocs...')
#3 C:\xampp\htdocs\uas-semester2\system\View\View.php(213): CodeIgniter\View\View->CodeIgniter\View\{closure}()
#4 C:\xampp\htdocs\uas-semester2\system\Common.php(1089): CodeIgniter\View\View->render('home', Array, true)
#5 C:\xampp\htdocs\uas-semester2\app\Controllers\Basis.php(12): view('home', Array)
#6 C:\xampp\htdocs\uas-semester2\system\CodeIgniter.php(832): App\Controllers\Basis->index()
#7 C:\xampp\htdocs\uas-semester2\system\CodeIgniter.php(419): CodeIgniter\CodeIgniter->runController(Object(App\Controllers\Basis))
#8 C:\xampp\htdocs\uas-semester2\system\CodeIgniter.php(326): CodeIgniter\CodeIgniter->handleRequest(NULL, Object(Config\Cache), false)
#9 C:\xampp\htdocs\uas-semester2\index.php(37): CodeIgniter\CodeIgniter->run()
#10 {main}
CRITICAL - 2022-07-08 19:10:51 --> Undefined variable $k
#0 C:\xampp\htdocs\uas-semester2\app\Views\beranda.php(97): CodeIgniter\Debug\Exceptions->errorHandler(2, 'Undefined varia...', 'C:\\xampp\\htdocs...', 97)
#1 C:\xampp\htdocs\uas-semester2\app\Views\home.php(70): include('C:\\xampp\\htdocs...')
#2 C:\xampp\htdocs\uas-semester2\system\View\View.php(210): include('C:\\xampp\\htdocs...')
#3 C:\xampp\htdocs\uas-semester2\system\View\View.php(213): CodeIgniter\View\View->CodeIgniter\View\{closure}()
#4 C:\xampp\htdocs\uas-semester2\system\Common.php(1089): CodeIgniter\View\View->render('home', Array, true)
#5 C:\xampp\htdocs\uas-semester2\app\Controllers\Basis.php(12): view('home', Array)
#6 C:\xampp\htdocs\uas-semester2\system\CodeIgniter.php(832): App\Controllers\Basis->index()
#7 C:\xampp\htdocs\uas-semester2\system\CodeIgniter.php(419): CodeIgniter\CodeIgniter->runController(Object(App\Controllers\Basis))
#8 C:\xampp\htdocs\uas-semester2\system\CodeIgniter.php(326): CodeIgniter\CodeIgniter->handleRequest(NULL, Object(Config\Cache), false)
#9 C:\xampp\htdocs\uas-semester2\index.php(37): CodeIgniter\CodeIgniter->run()
#10 {main}
CRITICAL - 2022-07-08 19:15:08 --> syntax error, unexpected token "echo"
#0 C:\xampp\htdocs\uas-semester2\system\View\View.php(210): include()
#1 C:\xampp\htdocs\uas-semester2\system\View\View.php(213): CodeIgniter\View\View->CodeIgniter\View\{closure}()
#2 C:\xampp\htdocs\uas-semester2\system\Common.php(1089): CodeIgniter\View\View->render('home', Array, true)
#3 C:\xampp\htdocs\uas-semester2\app\Controllers\Basis.php(12): view('home', Array)
#4 C:\xampp\htdocs\uas-semester2\system\CodeIgniter.php(832): App\Controllers\Basis->index()
#5 C:\xampp\htdocs\uas-semester2\system\CodeIgniter.php(419): CodeIgniter\CodeIgniter->runController(Object(App\Controllers\Basis))
#6 C:\xampp\htdocs\uas-semester2\system\CodeIgniter.php(326): CodeIgniter\CodeIgniter->handleRequest(NULL, Object(Config\Cache), false)
#7 C:\xampp\htdocs\uas-semester2\index.php(37): CodeIgniter\CodeIgniter->run()
#8 {main}
CRITICAL - 2022-07-08 19:15:13 --> syntax error, unexpected token "echo"
#0 C:\xampp\htdocs\uas-semester2\system\View\View.php(210): include()
#1 C:\xampp\htdocs\uas-semester2\system\View\View.php(213): CodeIgniter\View\View->CodeIgniter\View\{closure}()
#2 C:\xampp\htdocs\uas-semester2\system\Common.php(1089): CodeIgniter\View\View->render('home', Array, true)
#3 C:\xampp\htdocs\uas-semester2\app\Controllers\Basis.php(12): view('home', Array)
#4 C:\xampp\htdocs\uas-semester2\system\CodeIgniter.php(832): App\Controllers\Basis->index()
#5 C:\xampp\htdocs\uas-semester2\system\CodeIgniter.php(419): CodeIgniter\CodeIgniter->runController(Object(App\Controllers\Basis))
#6 C:\xampp\htdocs\uas-semester2\system\CodeIgniter.php(326): CodeIgniter\CodeIgniter->handleRequest(NULL, Object(Config\Cache), false)
#7 C:\xampp\htdocs\uas-semester2\index.php(37): CodeIgniter\CodeIgniter->run()
#8 {main}
CRITICAL - 2022-07-08 20:38:40 --> Undefined variable $dtpenerbit
#0 C:\xampp\htdocs\uas-semester2\app\Views\beranda.php(117): CodeIgniter\Debug\Exceptions->errorHandler(2, 'Undefined varia...', 'C:\\xampp\\htdocs...', 117)
#1 C:\xampp\htdocs\uas-semester2\app\Views\home.php(70): include('C:\\xampp\\htdocs...')
#2 C:\xampp\htdocs\uas-semester2\system\View\View.php(210): include('C:\\xampp\\htdocs...')
#3 C:\xampp\htdocs\uas-semester2\system\View\View.php(213): CodeIgniter\View\View->CodeIgniter\View\{closure}()
#4 C:\xampp\htdocs\uas-semester2\system\Common.php(1089): CodeIgniter\View\View->render('home', Array, true)
#5 C:\xampp\htdocs\uas-semester2\app\Controllers\Basis.php(12): view('home', Array)
#6 C:\xampp\htdocs\uas-semester2\system\CodeIgniter.php(832): App\Controllers\Basis->index()
#7 C:\xampp\htdocs\uas-semester2\system\CodeIgniter.php(419): CodeIgniter\CodeIgniter->runController(Object(App\Controllers\Basis))
#8 C:\xampp\htdocs\uas-semester2\system\CodeIgniter.php(326): CodeIgniter\CodeIgniter->handleRequest(NULL, Object(Config\Cache), false)
#9 C:\xampp\htdocs\uas-semester2\index.php(37): CodeIgniter\CodeIgniter->run()
#10 {main}
CRITICAL - 2022-07-08 23:20:13 --> Undefined property: stdClass::$Code
#0 C:\xampp\htdocs\uas-semester2\app\Views\beranda.php(119): CodeIgniter\Debug\Exceptions->errorHandler(2, 'Undefined prope...', 'C:\\xampp\\htdocs...', 119)
#1 C:\xampp\htdocs\uas-semester2\app\Views\home.php(70): include('C:\\xampp\\htdocs...')
#2 C:\xampp\htdocs\uas-semester2\system\View\View.php(210): include('C:\\xampp\\htdocs...')
#3 C:\xampp\htdocs\uas-semester2\system\View\View.php(213): CodeIgniter\View\View->CodeIgniter\View\{closure}()
#4 C:\xampp\htdocs\uas-semester2\system\Common.php(1089): CodeIgniter\View\View->render('home', Array, true)
#5 C:\xampp\htdocs\uas-semester2\app\Controllers\Basis.php(12): view('home', Array)
#6 C:\xampp\htdocs\uas-semester2\system\CodeIgniter.php(832): App\Controllers\Basis->index()
#7 C:\xampp\htdocs\uas-semester2\system\CodeIgniter.php(419): CodeIgniter\CodeIgniter->runController(Object(App\Controllers\Basis))
#8 C:\xampp\htdocs\uas-semester2\system\CodeIgniter.php(326): CodeIgniter\CodeIgniter->handleRequest(NULL, Object(Config\Cache), false)
#9 C:\xampp\htdocs\uas-semester2\index.php(37): CodeIgniter\CodeIgniter->run()
#10 {main}
