CRITICAL - 2022-05-25 00:56:43 --> Undefined variable: Kode
#0 C:\xampp\htdocs\pw5\app\Controllers\Basis.php(68): CodeIgniter\Debug\Exceptions->errorHandler(8, 'Undefined varia...', 'C:\\xampp\\htdocs...', 68, Array)
#1 C:\xampp\htdocs\pw5\system\CodeIgniter.php(832): App\controllers\Basis->getData()
#2 C:\xampp\htdocs\pw5\system\CodeIgniter.php(419): CodeIgniter\CodeIgniter->runController(Object(App\controllers\Basis))
#3 C:\xampp\htdocs\pw5\system\CodeIgniter.php(326): CodeIgniter\CodeIgniter->handleRequest(NULL, Object(Config\Cache), false)
#4 C:\xampp\htdocs\pw5\index.php(37): CodeIgniter\CodeIgniter->run()
#5 {main}
CRITICAL - 2022-05-25 01:14:52 --> Undefined variable: Kode
#0 C:\xampp\htdocs\pw5\app\Controllers\Basis.php(68): CodeIgniter\Debug\Exceptions->errorHandler(8, 'Undefined varia...', 'C:\\xampp\\htdocs...', 68, Array)
#1 C:\xampp\htdocs\pw5\system\CodeIgniter.php(832): App\controllers\Basis->getData()
#2 C:\xampp\htdocs\pw5\system\CodeIgniter.php(419): CodeIgniter\CodeIgniter->runController(Object(App\controllers\Basis))
#3 C:\xampp\htdocs\pw5\system\CodeIgniter.php(326): CodeIgniter\CodeIgniter->handleRequest(NULL, Object(Config\Cache), false)
#4 C:\xampp\htdocs\pw5\index.php(37): CodeIgniter\CodeIgniter->run()
#5 {main}
CRITICAL - 2022-05-25 09:04:31 --> Undefined variable: Kode
#0 C:\xampp\htdocs\pw5\app\Controllers\Basis.php(68): CodeIgniter\Debug\Exceptions->errorHandler(8, 'Undefined varia...', 'C:\\xampp\\htdocs...', 68, Array)
#1 C:\xampp\htdocs\pw5\system\CodeIgniter.php(832): App\Controllers\Basis->getData()
#2 C:\xampp\htdocs\pw5\system\CodeIgniter.php(419): CodeIgniter\CodeIgniter->runController(Object(App\Controllers\Basis))
#3 C:\xampp\htdocs\pw5\system\CodeIgniter.php(326): CodeIgniter\CodeIgniter->handleRequest(NULL, Object(Config\Cache), false)
#4 C:\xampp\htdocs\pw5\index.php(37): CodeIgniter\CodeIgniter->run()
#5 {main}
