CRITICAL - 2022-05-24 00:31:05 --> preg_match(): Delimiter must not be alphanumeric or backslash
#0 [internal function]: CodeIgniter\Debug\Exceptions->errorHandler(2, 'preg_match(): D...', 'C:\\xampp\\htdocs...', 16, Array)
#1 C:\xampp\htdocs\pw5\app\Controllers\Basis.php(16): preg_match('macintosh|mac o...', 'Mozilla/5.0 (Wi...')
#2 C:\xampp\htdocs\pw5\app\Controllers\Basis.php(41): App\Controllers\Basis->os()
#3 C:\xampp\htdocs\pw5\system\CodeIgniter.php(832): App\Controllers\Basis->tentang()
#4 C:\xampp\htdocs\pw5\system\CodeIgniter.php(419): CodeIgniter\CodeIgniter->runController(Object(App\Controllers\Basis))
#5 C:\xampp\htdocs\pw5\system\CodeIgniter.php(326): CodeIgniter\CodeIgniter->handleRequest(NULL, Object(Config\Cache), false)
#6 C:\xampp\htdocs\pw5\index.php(37): CodeIgniter\CodeIgniter->run()
#7 {main}
CRITICAL - 2022-05-24 00:34:39 --> Undefined variable: mac
#0 C:\xampp\htdocs\pw5\app\Views\tentang.php(19): CodeIgniter\Debug\Exceptions->errorHandler(8, 'Undefined varia...', 'C:\\xampp\\htdocs...', 19, Array)
#1 C:\xampp\htdocs\pw5\app\Views\home.php(70): include('C:\\xampp\\htdocs...')
#2 C:\xampp\htdocs\pw5\system\View\View.php(210): include('C:\\xampp\\htdocs...')
#3 C:\xampp\htdocs\pw5\system\View\View.php(213): CodeIgniter\View\View->CodeIgniter\View\{closure}()
#4 C:\xampp\htdocs\pw5\system\Common.php(1089): CodeIgniter\View\View->render('home', Array, true)
#5 C:\xampp\htdocs\pw5\app\Controllers\Basis.php(45): view('home', Array)
#6 C:\xampp\htdocs\pw5\system\CodeIgniter.php(832): App\Controllers\Basis->tentang()
#7 C:\xampp\htdocs\pw5\system\CodeIgniter.php(419): CodeIgniter\CodeIgniter->runController(Object(App\Controllers\Basis))
#8 C:\xampp\htdocs\pw5\system\CodeIgniter.php(326): CodeIgniter\CodeIgniter->handleRequest(NULL, Object(Config\Cache), false)
#9 C:\xampp\htdocs\pw5\index.php(37): CodeIgniter\CodeIgniter->run()
#10 {main}
CRITICAL - 2022-05-24 00:38:21 --> Undefined variable: Mac
#0 C:\xampp\htdocs\pw5\app\Views\tentang.php(19): CodeIgniter\Debug\Exceptions->errorHandler(8, 'Undefined varia...', 'C:\\xampp\\htdocs...', 19, Array)
#1 C:\xampp\htdocs\pw5\app\Views\home.php(70): include('C:\\xampp\\htdocs...')
#2 C:\xampp\htdocs\pw5\system\View\View.php(210): include('C:\\xampp\\htdocs...')
#3 C:\xampp\htdocs\pw5\system\View\View.php(213): CodeIgniter\View\View->CodeIgniter\View\{closure}()
#4 C:\xampp\htdocs\pw5\system\Common.php(1089): CodeIgniter\View\View->render('home', Array, true)
#5 C:\xampp\htdocs\pw5\app\Controllers\Basis.php(45): view('home', Array)
#6 C:\xampp\htdocs\pw5\system\CodeIgniter.php(832): App\Controllers\Basis->tentang()
#7 C:\xampp\htdocs\pw5\system\CodeIgniter.php(419): CodeIgniter\CodeIgniter->runController(Object(App\Controllers\Basis))
#8 C:\xampp\htdocs\pw5\system\CodeIgniter.php(326): CodeIgniter\CodeIgniter->handleRequest(NULL, Object(Config\Cache), false)
#9 C:\xampp\htdocs\pw5\index.php(37): CodeIgniter\CodeIgniter->run()
#10 {main}
CRITICAL - 2022-05-24 00:38:35 --> Undefined variable: mac
#0 C:\xampp\htdocs\pw5\app\Views\tentang.php(19): CodeIgniter\Debug\Exceptions->errorHandler(8, 'Undefined varia...', 'C:\\xampp\\htdocs...', 19, Array)
#1 C:\xampp\htdocs\pw5\app\Views\home.php(70): include('C:\\xampp\\htdocs...')
#2 C:\xampp\htdocs\pw5\system\View\View.php(210): include('C:\\xampp\\htdocs...')
#3 C:\xampp\htdocs\pw5\system\View\View.php(213): CodeIgniter\View\View->CodeIgniter\View\{closure}()
#4 C:\xampp\htdocs\pw5\system\Common.php(1089): CodeIgniter\View\View->render('home', Array, true)
#5 C:\xampp\htdocs\pw5\app\Controllers\Basis.php(45): view('home', Array)
#6 C:\xampp\htdocs\pw5\system\CodeIgniter.php(832): App\Controllers\Basis->tentang()
#7 C:\xampp\htdocs\pw5\system\CodeIgniter.php(419): CodeIgniter\CodeIgniter->runController(Object(App\Controllers\Basis))
#8 C:\xampp\htdocs\pw5\system\CodeIgniter.php(326): CodeIgniter\CodeIgniter->handleRequest(NULL, Object(Config\Cache), false)
#9 C:\xampp\htdocs\pw5\index.php(37): CodeIgniter\CodeIgniter->run()
#10 {main}
CRITICAL - 2022-05-24 00:42:35 --> Undefined variable: mac
#0 C:\xampp\htdocs\pw5\app\Views\tentang.php(19): CodeIgniter\Debug\Exceptions->errorHandler(8, 'Undefined varia...', 'C:\\xampp\\htdocs...', 19, Array)
#1 C:\xampp\htdocs\pw5\app\Views\home.php(70): include('C:\\xampp\\htdocs...')
#2 C:\xampp\htdocs\pw5\system\View\View.php(210): include('C:\\xampp\\htdocs...')
#3 C:\xampp\htdocs\pw5\system\View\View.php(213): CodeIgniter\View\View->CodeIgniter\View\{closure}()
#4 C:\xampp\htdocs\pw5\system\Common.php(1089): CodeIgniter\View\View->render('home', Array, true)
#5 C:\xampp\htdocs\pw5\app\Controllers\Basis.php(45): view('home', Array)
#6 C:\xampp\htdocs\pw5\system\CodeIgniter.php(832): App\Controllers\Basis->tentang()
#7 C:\xampp\htdocs\pw5\system\CodeIgniter.php(419): CodeIgniter\CodeIgniter->runController(Object(App\Controllers\Basis))
#8 C:\xampp\htdocs\pw5\system\CodeIgniter.php(326): CodeIgniter\CodeIgniter->handleRequest(NULL, Object(Config\Cache), false)
#9 C:\xampp\htdocs\pw5\index.php(37): CodeIgniter\CodeIgniter->run()
#10 {main}
CRITICAL - 2022-05-24 00:53:26 --> Undefined variable: mac
#0 C:\xampp\htdocs\pw5\app\Views\tentang.php(19): CodeIgniter\Debug\Exceptions->errorHandler(8, 'Undefined varia...', 'C:\\xampp\\htdocs...', 19, Array)
#1 C:\xampp\htdocs\pw5\app\Views\home.php(70): include('C:\\xampp\\htdocs...')
#2 C:\xampp\htdocs\pw5\system\View\View.php(210): include('C:\\xampp\\htdocs...')
#3 C:\xampp\htdocs\pw5\system\View\View.php(213): CodeIgniter\View\View->CodeIgniter\View\{closure}()
#4 C:\xampp\htdocs\pw5\system\Common.php(1089): CodeIgniter\View\View->render('home', Array, true)
#5 C:\xampp\htdocs\pw5\app\Controllers\Basis.php(45): view('home', Array)
#6 C:\xampp\htdocs\pw5\system\CodeIgniter.php(832): App\Controllers\Basis->tentang()
#7 C:\xampp\htdocs\pw5\system\CodeIgniter.php(419): CodeIgniter\CodeIgniter->runController(Object(App\Controllers\Basis))
#8 C:\xampp\htdocs\pw5\system\CodeIgniter.php(326): CodeIgniter\CodeIgniter->handleRequest(NULL, Object(Config\Cache), false)
#9 C:\xampp\htdocs\pw5\index.php(37): CodeIgniter\CodeIgniter->run()
#10 {main}
CRITICAL - 2022-05-24 01:58:16 --> syntax error, unexpected '}', expecting ';'
#0 C:\xampp\htdocs\pw5\system\CodeIgniter.php(368): CodeIgniter\CodeIgniter->tryToRouteIt(NULL)
#1 C:\xampp\htdocs\pw5\system\CodeIgniter.php(326): CodeIgniter\CodeIgniter->handleRequest(NULL, Object(Config\Cache), false)
#2 C:\xampp\htdocs\pw5\index.php(37): CodeIgniter\CodeIgniter->run()
#3 {main}
CRITICAL - 2022-05-24 01:59:07 --> syntax error, unexpected '}', expecting ';'
#0 C:\xampp\htdocs\pw5\system\CodeIgniter.php(368): CodeIgniter\CodeIgniter->tryToRouteIt(NULL)
#1 C:\xampp\htdocs\pw5\system\CodeIgniter.php(326): CodeIgniter\CodeIgniter->handleRequest(NULL, Object(Config\Cache), false)
#2 C:\xampp\htdocs\pw5\index.php(37): CodeIgniter\CodeIgniter->run()
#3 {main}
CRITICAL - 2022-05-24 01:59:08 --> syntax error, unexpected '}', expecting ';'
#0 C:\xampp\htdocs\pw5\system\CodeIgniter.php(368): CodeIgniter\CodeIgniter->tryToRouteIt(NULL)
#1 C:\xampp\htdocs\pw5\system\CodeIgniter.php(326): CodeIgniter\CodeIgniter->handleRequest(NULL, Object(Config\Cache), false)
#2 C:\xampp\htdocs\pw5\index.php(37): CodeIgniter\CodeIgniter->run()
#3 {main}
CRITICAL - 2022-05-24 09:26:22 --> syntax error, unexpected '{'
#0 C:\xampp\htdocs\pw5\system\Autoloader\Autoloader.php(241): CodeIgniter\Autoloader\Autoloader->includeFile('C:\\xampp\\htdocs...')
#1 C:\xampp\htdocs\pw5\system\Autoloader\Autoloader.php(219): CodeIgniter\Autoloader\Autoloader->loadInNamespace('App\\Models\\Mdat...')
#2 [internal function]: CodeIgniter\Autoloader\Autoloader->loadClass('App\\Models\\Mdat...')
#3 C:\xampp\htdocs\pw5\app\Controllers\Basis.php(10): spl_autoload_call('App\\Models\\Mdat...')
#4 C:\xampp\htdocs\pw5\system\CodeIgniter.php(832): App\controllers\Basis->data()
#5 C:\xampp\htdocs\pw5\system\CodeIgniter.php(419): CodeIgniter\CodeIgniter->runController(Object(App\controllers\Basis))
#6 C:\xampp\htdocs\pw5\system\CodeIgniter.php(326): CodeIgniter\CodeIgniter->handleRequest(NULL, Object(Config\Cache), false)
#7 C:\xampp\htdocs\pw5\index.php(37): CodeIgniter\CodeIgniter->run()
#8 {main}
CRITICAL - 2022-05-24 09:26:44 --> syntax error, unexpected '<', expecting end of file
#0 C:\xampp\htdocs\pw5\system\View\View.php(210): include()
#1 C:\xampp\htdocs\pw5\system\View\View.php(213): CodeIgniter\View\View->CodeIgniter\View\{closure}()
#2 C:\xampp\htdocs\pw5\system\Common.php(1089): CodeIgniter\View\View->render('home', Array, true)
#3 C:\xampp\htdocs\pw5\app\Controllers\Basis.php(14): view('home', Array)
#4 C:\xampp\htdocs\pw5\system\CodeIgniter.php(832): App\controllers\Basis->data()
#5 C:\xampp\htdocs\pw5\system\CodeIgniter.php(419): CodeIgniter\CodeIgniter->runController(Object(App\controllers\Basis))
#6 C:\xampp\htdocs\pw5\system\CodeIgniter.php(326): CodeIgniter\CodeIgniter->handleRequest(NULL, Object(Config\Cache), false)
#7 C:\xampp\htdocs\pw5\index.php(37): CodeIgniter\CodeIgniter->run()
#8 {main}
CRITICAL - 2022-05-24 10:01:25 --> syntax error, unexpected ';'
#0 C:\xampp\htdocs\pw5\system\Autoloader\Autoloader.php(241): CodeIgniter\Autoloader\Autoloader->includeFile('C:\\xampp\\htdocs...')
#1 C:\xampp\htdocs\pw5\system\Autoloader\Autoloader.php(219): CodeIgniter\Autoloader\Autoloader->loadInNamespace('App\\Models\\Mdat...')
#2 [internal function]: CodeIgniter\Autoloader\Autoloader->loadClass('App\\Models\\Mdat...')
#3 C:\xampp\htdocs\pw5\app\Controllers\Basis.php(15): spl_autoload_call('App\\Models\\Mdat...')
#4 C:\xampp\htdocs\pw5\system\CodeIgniter.php(832): App\controllers\Basis->data()
#5 C:\xampp\htdocs\pw5\system\CodeIgniter.php(419): CodeIgniter\CodeIgniter->runController(Object(App\controllers\Basis))
#6 C:\xampp\htdocs\pw5\system\CodeIgniter.php(326): CodeIgniter\CodeIgniter->handleRequest(NULL, Object(Config\Cache), false)
#7 C:\xampp\htdocs\pw5\index.php(37): CodeIgniter\CodeIgniter->run()
#8 {main}
CRITICAL - 2022-05-24 10:02:14 --> Use of undefined constant sql - assumed 'sql' (this will throw an Error in a future version of PHP)
#0 C:\xampp\htdocs\pw5\app\Models\Mdata.php(43): CodeIgniter\Debug\Exceptions->errorHandler(2, 'Use of undefine...', 'C:\\xampp\\htdocs...', 43, Array)
#1 C:\xampp\htdocs\pw5\app\Controllers\Basis.php(10): App\Models\Mdata->getMaxPenerbit()
#2 C:\xampp\htdocs\pw5\system\CodeIgniter.php(832): App\controllers\Basis->index()
#3 C:\xampp\htdocs\pw5\system\CodeIgniter.php(419): CodeIgniter\CodeIgniter->runController(Object(App\controllers\Basis))
#4 C:\xampp\htdocs\pw5\system\CodeIgniter.php(326): CodeIgniter\CodeIgniter->handleRequest(NULL, Object(Config\Cache), false)
#5 C:\xampp\htdocs\pw5\index.php(37): CodeIgniter\CodeIgniter->run()
#6 {main}
CRITICAL - 2022-05-24 10:02:55 --> Undefined property: stdClass::$rak
#0 C:\xampp\htdocs\pw5\app\Views\beranda.php(56): CodeIgniter\Debug\Exceptions->errorHandler(8, 'Undefined prope...', 'C:\\xampp\\htdocs...', 56, Array)
#1 C:\xampp\htdocs\pw5\app\Views\home.php(70): include('C:\\xampp\\htdocs...')
#2 C:\xampp\htdocs\pw5\system\View\View.php(210): include('C:\\xampp\\htdocs...')
#3 C:\xampp\htdocs\pw5\system\View\View.php(213): CodeIgniter\View\View->CodeIgniter\View\{closure}()
#4 C:\xampp\htdocs\pw5\system\Common.php(1089): CodeIgniter\View\View->render('home', Array, true)
#5 C:\xampp\htdocs\pw5\app\Controllers\Basis.php(12): view('home', Array)
#6 C:\xampp\htdocs\pw5\system\CodeIgniter.php(832): App\controllers\Basis->index()
#7 C:\xampp\htdocs\pw5\system\CodeIgniter.php(419): CodeIgniter\CodeIgniter->runController(Object(App\controllers\Basis))
#8 C:\xampp\htdocs\pw5\system\CodeIgniter.php(326): CodeIgniter\CodeIgniter->handleRequest(NULL, Object(Config\Cache), false)
#9 C:\xampp\htdocs\pw5\index.php(37): CodeIgniter\CodeIgniter->run()
#10 {main}
CRITICAL - 2022-05-24 11:26:02 --> syntax error, unexpected 'functtion' (T_STRING), expecting function (T_FUNCTION) or const (T_CONST)
#0 C:\xampp\htdocs\pw5\system\Autoloader\Autoloader.php(241): CodeIgniter\Autoloader\Autoloader->includeFile('C:\\xampp\\htdocs...')
#1 C:\xampp\htdocs\pw5\system\Autoloader\Autoloader.php(219): CodeIgniter\Autoloader\Autoloader->loadInNamespace('App\\Controllers...')
#2 [internal function]: CodeIgniter\Autoloader\Autoloader->loadClass('App\\Controllers...')
#3 [internal function]: spl_autoload_call('App\\Controllers...')
#4 C:\xampp\htdocs\pw5\system\CodeIgniter.php(797): class_exists('\\App\\Controller...', true)
#5 C:\xampp\htdocs\pw5\system\CodeIgniter.php(406): CodeIgniter\CodeIgniter->startController()
#6 C:\xampp\htdocs\pw5\system\CodeIgniter.php(326): CodeIgniter\CodeIgniter->handleRequest(NULL, Object(Config\Cache), false)
#7 C:\xampp\htdocs\pw5\index.php(37): CodeIgniter\CodeIgniter->run()
#8 {main}
CRITICAL - 2022-05-24 11:26:34 --> syntax error, unexpected '$k' (T_VARIABLE)
#0 C:\xampp\htdocs\pw5\system\Autoloader\Autoloader.php(241): CodeIgniter\Autoloader\Autoloader->includeFile('C:\\xampp\\htdocs...')
#1 C:\xampp\htdocs\pw5\system\Autoloader\Autoloader.php(219): CodeIgniter\Autoloader\Autoloader->loadInNamespace('App\\Controllers...')
#2 [internal function]: CodeIgniter\Autoloader\Autoloader->loadClass('App\\Controllers...')
#3 [internal function]: spl_autoload_call('App\\Controllers...')
#4 C:\xampp\htdocs\pw5\system\CodeIgniter.php(797): class_exists('\\App\\Controller...', true)
#5 C:\xampp\htdocs\pw5\system\CodeIgniter.php(406): CodeIgniter\CodeIgniter->startController()
#6 C:\xampp\htdocs\pw5\system\CodeIgniter.php(326): CodeIgniter\CodeIgniter->handleRequest(NULL, Object(Config\Cache), false)
#7 C:\xampp\htdocs\pw5\index.php(37): CodeIgniter\CodeIgniter->run()
#8 {main}
CRITICAL - 2022-05-24 11:33:43 --> syntax error, unexpected '$k' (T_VARIABLE)
#0 C:\xampp\htdocs\pw5\system\Autoloader\Autoloader.php(241): CodeIgniter\Autoloader\Autoloader->includeFile('C:\\xampp\\htdocs...')
#1 C:\xampp\htdocs\pw5\system\Autoloader\Autoloader.php(219): CodeIgniter\Autoloader\Autoloader->loadInNamespace('App\\Controllers...')
#2 [internal function]: CodeIgniter\Autoloader\Autoloader->loadClass('App\\Controllers...')
#3 [internal function]: spl_autoload_call('App\\Controllers...')
#4 C:\xampp\htdocs\pw5\system\CodeIgniter.php(797): class_exists('\\App\\Controller...', true)
#5 C:\xampp\htdocs\pw5\system\CodeIgniter.php(406): CodeIgniter\CodeIgniter->startController()
#6 C:\xampp\htdocs\pw5\system\CodeIgniter.php(326): CodeIgniter\CodeIgniter->handleRequest(NULL, Object(Config\Cache), false)
#7 C:\xampp\htdocs\pw5\index.php(37): CodeIgniter\CodeIgniter->run()
#8 {main}
CRITICAL - 2022-05-24 11:34:14 --> syntax error, unexpected ','
#0 C:\xampp\htdocs\pw5\system\Autoloader\Autoloader.php(241): CodeIgniter\Autoloader\Autoloader->includeFile('C:\\xampp\\htdocs...')
#1 C:\xampp\htdocs\pw5\system\Autoloader\Autoloader.php(219): CodeIgniter\Autoloader\Autoloader->loadInNamespace('App\\Controllers...')
#2 [internal function]: CodeIgniter\Autoloader\Autoloader->loadClass('App\\Controllers...')
#3 [internal function]: spl_autoload_call('App\\Controllers...')
#4 C:\xampp\htdocs\pw5\system\CodeIgniter.php(797): class_exists('\\App\\Controller...', true)
#5 C:\xampp\htdocs\pw5\system\CodeIgniter.php(406): CodeIgniter\CodeIgniter->startController()
#6 C:\xampp\htdocs\pw5\system\CodeIgniter.php(326): CodeIgniter\CodeIgniter->handleRequest(NULL, Object(Config\Cache), false)
#7 C:\xampp\htdocs\pw5\index.php(37): CodeIgniter\CodeIgniter->run()
#8 {main}
CRITICAL - 2022-05-24 11:35:04 --> syntax error, unexpected 'functian' (T_STRING), expecting function (T_FUNCTION) or const (T_CONST)
#0 C:\xampp\htdocs\pw5\system\Autoloader\Autoloader.php(241): CodeIgniter\Autoloader\Autoloader->includeFile('C:\\xampp\\htdocs...')
#1 C:\xampp\htdocs\pw5\system\Autoloader\Autoloader.php(219): CodeIgniter\Autoloader\Autoloader->loadInNamespace('App\\Models\\Mdat...')
#2 [internal function]: CodeIgniter\Autoloader\Autoloader->loadClass('App\\Models\\Mdat...')
#3 C:\xampp\htdocs\pw5\app\Controllers\Basis.php(7): spl_autoload_call('App\\Models\\Mdat...')
#4 C:\xampp\htdocs\pw5\system\CodeIgniter.php(832): App\controllers\Basis->index()
#5 C:\xampp\htdocs\pw5\system\CodeIgniter.php(419): CodeIgniter\CodeIgniter->runController(Object(App\controllers\Basis))
#6 C:\xampp\htdocs\pw5\system\CodeIgniter.php(326): CodeIgniter\CodeIgniter->handleRequest(NULL, Object(Config\Cache), false)
#7 C:\xampp\htdocs\pw5\index.php(37): CodeIgniter\CodeIgniter->run()
#8 {main}
CRITICAL - 2022-05-24 11:35:47 --> Undefined variable: Kode
#0 C:\xampp\htdocs\pw5\app\Controllers\Basis.php(68): CodeIgniter\Debug\Exceptions->errorHandler(8, 'Undefined varia...', 'C:\\xampp\\htdocs...', 68, Array)
#1 C:\xampp\htdocs\pw5\system\CodeIgniter.php(832): App\controllers\Basis->getData()
#2 C:\xampp\htdocs\pw5\system\CodeIgniter.php(419): CodeIgniter\CodeIgniter->runController(Object(App\controllers\Basis))
#3 C:\xampp\htdocs\pw5\system\CodeIgniter.php(326): CodeIgniter\CodeIgniter->handleRequest(NULL, Object(Config\Cache), false)
#4 C:\xampp\htdocs\pw5\index.php(37): CodeIgniter\CodeIgniter->run()
#5 {main}
CRITICAL - 2022-05-24 11:43:02 --> Undefined variable: Kode
#0 C:\xampp\htdocs\pw5\app\Controllers\Basis.php(68): CodeIgniter\Debug\Exceptions->errorHandler(8, 'Undefined varia...', 'C:\\xampp\\htdocs...', 68, Array)
#1 C:\xampp\htdocs\pw5\system\CodeIgniter.php(832): App\controllers\Basis->getData()
#2 C:\xampp\htdocs\pw5\system\CodeIgniter.php(419): CodeIgniter\CodeIgniter->runController(Object(App\controllers\Basis))
#3 C:\xampp\htdocs\pw5\system\CodeIgniter.php(326): CodeIgniter\CodeIgniter->handleRequest(NULL, Object(Config\Cache), false)
#4 C:\xampp\htdocs\pw5\index.php(37): CodeIgniter\CodeIgniter->run()
#5 {main}
