CRITICAL - 2022-06-19 17:09:52 --> Undefined property: stdClass::$ID_Pengarang
#0 C:\xampp\htdocs\pw6\app\Views\buku.php(71): CodeIgniter\Debug\Exceptions->errorHandler(2, 'Undefined prope...', 'C:\\xampp\\htdocs...', 71)
#1 C:\xampp\htdocs\pw6\app\Views\home.php(72): include('C:\\xampp\\htdocs...')
#2 C:\xampp\htdocs\pw6\system\View\View.php(210): include('C:\\xampp\\htdocs...')
#3 C:\xampp\htdocs\pw6\system\View\View.php(213): CodeIgniter\View\View->CodeIgniter\View\{closure}()
#4 C:\xampp\htdocs\pw6\system\Common.php(1089): CodeIgniter\View\View->render('home', Array, true)
#5 C:\xampp\htdocs\pw6\app\Controllers\Basis.php(19): view('home', Array)
#6 C:\xampp\htdocs\pw6\system\CodeIgniter.php(832): App\Controllers\Basis->data()
#7 C:\xampp\htdocs\pw6\system\CodeIgniter.php(419): CodeIgniter\CodeIgniter->runController(Object(App\Controllers\Basis))
#8 C:\xampp\htdocs\pw6\system\CodeIgniter.php(326): CodeIgniter\CodeIgniter->handleRequest(NULL, Object(Config\Cache), false)
#9 C:\xampp\htdocs\pw6\index.php(37): CodeIgniter\CodeIgniter->run()
#10 {main}
CRITICAL - 2022-06-19 17:11:04 --> Undefined property: stdClass::$ID_Pengarang
#0 C:\xampp\htdocs\pw6\app\Views\buku.php(71): CodeIgniter\Debug\Exceptions->errorHandler(2, 'Undefined prope...', 'C:\\xampp\\htdocs...', 71)
#1 C:\xampp\htdocs\pw6\app\Views\home.php(72): include('C:\\xampp\\htdocs...')
#2 C:\xampp\htdocs\pw6\system\View\View.php(210): include('C:\\xampp\\htdocs...')
#3 C:\xampp\htdocs\pw6\system\View\View.php(213): CodeIgniter\View\View->CodeIgniter\View\{closure}()
#4 C:\xampp\htdocs\pw6\system\Common.php(1089): CodeIgniter\View\View->render('home', Array, true)
#5 C:\xampp\htdocs\pw6\app\Controllers\Basis.php(19): view('home', Array)
#6 C:\xampp\htdocs\pw6\system\CodeIgniter.php(832): App\Controllers\Basis->data()
#7 C:\xampp\htdocs\pw6\system\CodeIgniter.php(419): CodeIgniter\CodeIgniter->runController(Object(App\Controllers\Basis))
#8 C:\xampp\htdocs\pw6\system\CodeIgniter.php(326): CodeIgniter\CodeIgniter->handleRequest(NULL, Object(Config\Cache), false)
#9 C:\xampp\htdocs\pw6\index.php(37): CodeIgniter\CodeIgniter->run()
#10 {main}
CRITICAL - 2022-06-19 17:12:46 --> syntax error, unexpected variable "$nama"
#0 C:\xampp\htdocs\pw6\system\View\View.php(210): include()
#1 C:\xampp\htdocs\pw6\system\View\View.php(213): CodeIgniter\View\View->CodeIgniter\View\{closure}()
#2 C:\xampp\htdocs\pw6\system\Common.php(1089): CodeIgniter\View\View->render('home', Array, true)
#3 C:\xampp\htdocs\pw6\app\Controllers\Basis.php(19): view('home', Array)
#4 C:\xampp\htdocs\pw6\system\CodeIgniter.php(832): App\Controllers\Basis->data()
#5 C:\xampp\htdocs\pw6\system\CodeIgniter.php(419): CodeIgniter\CodeIgniter->runController(Object(App\Controllers\Basis))
#6 C:\xampp\htdocs\pw6\system\CodeIgniter.php(326): CodeIgniter\CodeIgniter->handleRequest(NULL, Object(Config\Cache), false)
#7 C:\xampp\htdocs\pw6\index.php(37): CodeIgniter\CodeIgniter->run()
#8 {main}
CRITICAL - 2022-06-19 17:13:30 --> Undefined property: stdClass::$ID_Pengarang
#0 C:\xampp\htdocs\pw6\app\Views\buku.php(71): CodeIgniter\Debug\Exceptions->errorHandler(2, 'Undefined prope...', 'C:\\xampp\\htdocs...', 71)
#1 C:\xampp\htdocs\pw6\app\Views\home.php(72): include('C:\\xampp\\htdocs...')
#2 C:\xampp\htdocs\pw6\system\View\View.php(210): include('C:\\xampp\\htdocs...')
#3 C:\xampp\htdocs\pw6\system\View\View.php(213): CodeIgniter\View\View->CodeIgniter\View\{closure}()
#4 C:\xampp\htdocs\pw6\system\Common.php(1089): CodeIgniter\View\View->render('home', Array, true)
#5 C:\xampp\htdocs\pw6\app\Controllers\Basis.php(19): view('home', Array)
#6 C:\xampp\htdocs\pw6\system\CodeIgniter.php(832): App\Controllers\Basis->data()
#7 C:\xampp\htdocs\pw6\system\CodeIgniter.php(419): CodeIgniter\CodeIgniter->runController(Object(App\Controllers\Basis))
#8 C:\xampp\htdocs\pw6\system\CodeIgniter.php(326): CodeIgniter\CodeIgniter->handleRequest(NULL, Object(Config\Cache), false)
#9 C:\xampp\htdocs\pw6\index.php(37): CodeIgniter\CodeIgniter->run()
#10 {main}
CRITICAL - 2022-06-19 21:23:47 --> Undefined property: stdClass::$ID_Pengarang
#0 C:\xampp\htdocs\pw6\app\Views\buku.php(71): CodeIgniter\Debug\Exceptions->errorHandler(2, 'Undefined prope...', 'C:\\xampp\\htdocs...', 71)
#1 C:\xampp\htdocs\pw6\app\Views\home.php(72): include('C:\\xampp\\htdocs...')
#2 C:\xampp\htdocs\pw6\system\View\View.php(210): include('C:\\xampp\\htdocs...')
#3 C:\xampp\htdocs\pw6\system\View\View.php(213): CodeIgniter\View\View->CodeIgniter\View\{closure}()
#4 C:\xampp\htdocs\pw6\system\Common.php(1089): CodeIgniter\View\View->render('home', Array, true)
#5 C:\xampp\htdocs\pw6\app\Controllers\Basis.php(19): view('home', Array)
#6 C:\xampp\htdocs\pw6\system\CodeIgniter.php(832): App\Controllers\Basis->data()
#7 C:\xampp\htdocs\pw6\system\CodeIgniter.php(419): CodeIgniter\CodeIgniter->runController(Object(App\Controllers\Basis))
#8 C:\xampp\htdocs\pw6\system\CodeIgniter.php(326): CodeIgniter\CodeIgniter->handleRequest(NULL, Object(Config\Cache), false)
#9 C:\xampp\htdocs\pw6\index.php(37): CodeIgniter\CodeIgniter->run()
#10 {main}
CRITICAL - 2022-06-19 21:33:32 --> Undefined property: stdClass::$ID_Pengarang
#0 C:\xampp\htdocs\pw6\app\Views\buku.php(71): CodeIgniter\Debug\Exceptions->errorHandler(2, 'Undefined prope...', 'C:\\xampp\\htdocs...', 71)
#1 C:\xampp\htdocs\pw6\app\Views\home.php(72): include('C:\\xampp\\htdocs...')
#2 C:\xampp\htdocs\pw6\system\View\View.php(210): include('C:\\xampp\\htdocs...')
#3 C:\xampp\htdocs\pw6\system\View\View.php(213): CodeIgniter\View\View->CodeIgniter\View\{closure}()
#4 C:\xampp\htdocs\pw6\system\Common.php(1089): CodeIgniter\View\View->render('home', Array, true)
#5 C:\xampp\htdocs\pw6\app\Controllers\Basis.php(19): view('home', Array)
#6 C:\xampp\htdocs\pw6\system\CodeIgniter.php(832): App\Controllers\Basis->data()
#7 C:\xampp\htdocs\pw6\system\CodeIgniter.php(419): CodeIgniter\CodeIgniter->runController(Object(App\Controllers\Basis))
#8 C:\xampp\htdocs\pw6\system\CodeIgniter.php(326): CodeIgniter\CodeIgniter->handleRequest(NULL, Object(Config\Cache), false)
#9 C:\xampp\htdocs\pw6\index.php(37): CodeIgniter\CodeIgniter->run()
#10 {main}
